<?xml version="1.0" encoding="UTF-8"?>
<!-- Generated by org.testng.reporters.JUnitXMLReporter -->
<testsuite ignored="0" hostname="DESKTOP-L709TVT" failures="1" tests="1" name="ErrorValidations" time="14.769" errors="0" timestamp="2024-05-01T19:19:33 IST">
  <testcase classname="Prashanth_maven_project.Tests.ErrorValidations" name="LoginErrorVal" time="0.917">
    <failure type="java.lang.AssertionError" message="expected [Incorrect email or password.] but found [Incorrect email  password.]">
      <![CDATA[java.lang.AssertionError: expected [Incorrect email or password.] but found [Incorrect email  password.]
at Prashanth_maven_project.Tests.ErrorValidations.LoginErrorVal(ErrorValidations.java:30)
at java.base/java.util.ArrayList.forEach(ArrayList.java:1596)
... Removed 31 stack frames]]>
    </failure>
  </testcase> <!-- LoginErrorVal -->
</testsuite> <!-- ErrorValidations -->
